<?xml version="1.0" encoding="UTF-8"?>
<testng-results ignored="0" total="1" passed="1" failed="0" skipped="0">
  <reporter-output>
  </reporter-output>
  <suite started-at="2023-06-29T17:14:14 IST" name="Default suite" finished-at="2023-06-29T17:14:17 IST" duration-ms="3225">
    <groups>
    </groups>
    <test started-at="2023-06-29T17:14:14 IST" name="Default test" finished-at="2023-06-29T17:14:17 IST" duration-ms="3225">
      <class name="ExcelDriven">
        <test-method signature="addBook()[pri:0, instance:ExcelDriven@618425b5]" started-at="2023-06-29T17:14:14 IST" name="addBook" finished-at="2023-06-29T17:14:17 IST" duration-ms="3191" status="PASS">
          <reporter-output>
          </reporter-output>
        </test-method> <!-- addBook -->
      </class> <!-- ExcelDriven -->
    </test> <!-- Default test -->
  </suite> <!-- Default suite -->
</testng-results>
